{"/Applications/XAMPP/xamppfiles/htdocs/ballot-app-backend/server.js": {"path":"/Applications/XAMPP/xamppfiles/htdocs/ballot-app-backend/server.js","statementMap":{"0":{"start":{"line":1,"column":16},"end":{"line":1,"column":34}},"1":{"start":{"line":2,"column":22},"end":{"line":2,"column":60}},"2":{"start":{"line":3,"column":13},"end":{"line":3,"column":28}},"3":{"start":{"line":5,"column":12},"end":{"line":5,"column":21}},"4":{"start":{"line":6,"column":0},"end":{"line":6,"column":16}},"5":{"start":{"line":8,"column":0},"end":{"line":8,"column":24}},"6":{"start":{"line":11,"column":0},"end":{"line":11,"column":48}},"7":{"start":{"line":13,"column":0},"end":{"line":13,"column":27}},"8":{"start":{"line":14,"column":13},"end":{"line":14,"column":37}},"9":{"start":{"line":16,"column":0},"end":{"line":16,"column":24}},"10":{"start":{"line":19,"column":13},"end":{"line":19,"column":37}},"11":{"start":{"line":20,"column":14},"end":{"line":20,"column":39}},"12":{"start":{"line":21,"column":15},"end":{"line":21,"column":41}},"13":{"start":{"line":22,"column":15},"end":{"line":22,"column":41}},"14":{"start":{"line":23,"column":16},"end":{"line":23,"column":43}},"15":{"start":{"line":25,"column":0},"end":{"line":25,"column":25}},"16":{"start":{"line":26,"column":0},"end":{"line":26,"column":52}},"17":{"start":{"line":27,"column":0},"end":{"line":27,"column":26}},"18":{"start":{"line":28,"column":0},"end":{"line":28,"column":27}},"19":{"start":{"line":29,"column":0},"end":{"line":29,"column":27}},"20":{"start":{"line":30,"column":0},"end":{"line":30,"column":28}},"21":{"start":{"line":33,"column":2},"end":{"line":42,"column":3}},"22":{"start":{"line":35,"column":4},"end":{"line":35,"column":43}},"23":{"start":{"line":37,"column":4},"end":{"line":39,"column":7}},"24":{"start":{"line":38,"column":6},"end":{"line":38,"column":47}},"25":{"start":{"line":41,"column":4},"end":{"line":41,"column":23}},"26":{"start":{"line":44,"column":0},"end":{"line":44,"column":8}},"27":{"start":{"line":46,"column":0},"end":{"line":46,"column":21}}},"fnMap":{"0":{"name":"start","decl":{"start":{"line":32,"column":15},"end":{"line":32,"column":20}},"loc":{"start":{"line":32,"column":23},"end":{"line":43,"column":1}},"line":32},"1":{"name":"(anonymous_1)","decl":{"start":{"line":37,"column":21},"end":{"line":37,"column":22}},"loc":{"start":{"line":37,"column":27},"end":{"line":39,"column":5}},"line":37}},"branchMap":{"0":{"loc":{"start":{"line":14,"column":13},"end":{"line":14,"column":37}},"type":"binary-expr","locations":[{"start":{"line":14,"column":13},"end":{"line":14,"column":29}},{"start":{"line":14,"column":33},"end":{"line":14,"column":37}}],"line":14}},"s":{"0":1,"1":1,"2":1,"3":1,"4":1,"5":1,"6":1,"7":1,"8":1,"9":1,"10":1,"11":1,"12":1,"13":1,"14":1,"15":1,"16":1,"17":1,"18":1,"19":1,"20":1,"21":1,"22":1,"23":1,"24":1,"25":0,"26":1,"27":1},"f":{"0":1,"1":1},"b":{"0":[1,0]},"_coverageSchema":"1a1c01bbd47fc00a2c39e90264f33305004495a9","hash":"95447a23daf79a0ce1e0858b4d953b37cd52ca69"}
,"/Applications/XAMPP/xamppfiles/htdocs/ballot-app-backend/config/database.js": {"path":"/Applications/XAMPP/xamppfiles/htdocs/ballot-app-backend/config/database.js","statementMap":{"0":{"start":{"line":1,"column":18},"end":{"line":1,"column":37}},"1":{"start":{"line":3,"column":0},"end":{"line":3,"column":26}},"2":{"start":{"line":5,"column":0},"end":{"line":14,"column":1}},"3":{"start":{"line":6,"column":4},"end":{"line":13,"column":6}},"4":{"start":{"line":9,"column":16},"end":{"line":9,"column":57}},"5":{"start":{"line":11,"column":8},"end":{"line":11,"column":48}},"6":{"start":{"line":12,"column":8},"end":{"line":12,"column":23}}},"fnMap":{"0":{"name":"(anonymous_0)","decl":{"start":{"line":5,"column":18},"end":{"line":5,"column":19}},"loc":{"start":{"line":5,"column":24},"end":{"line":14,"column":1}},"line":5},"1":{"name":"(anonymous_1)","decl":{"start":{"line":9,"column":12},"end":{"line":9,"column":13}},"loc":{"start":{"line":9,"column":16},"end":{"line":9,"column":57}},"line":9},"2":{"name":"(anonymous_2)","decl":{"start":{"line":10,"column":11},"end":{"line":10,"column":12}},"loc":{"start":{"line":10,"column":20},"end":{"line":13,"column":5}},"line":10}},"branchMap":{},"s":{"0":1,"1":1,"2":1,"3":1,"4":1,"5":0,"6":0},"f":{"0":1,"1":1,"2":0},"b":{},"_coverageSchema":"1a1c01bbd47fc00a2c39e90264f33305004495a9","hash":"347e879082d8b58ddf4285939ee840a58b1d5566"}
,"/Applications/XAMPP/xamppfiles/htdocs/ballot-app-backend/controllers/BallotController.js": {"path":"/Applications/XAMPP/xamppfiles/htdocs/ballot-app-backend/controllers/BallotController.js","statementMap":{"0":{"start":{"line":1,"column":15},"end":{"line":1,"column":42}},"1":{"start":{"line":2,"column":15},"end":{"line":2,"column":42}},"2":{"start":{"line":11,"column":0},"end":{"line":20,"column":2}},"3":{"start":{"line":12,"column":2},"end":{"line":19,"column":3}},"4":{"start":{"line":13,"column":4},"end":{"line":16,"column":7}},"5":{"start":{"line":18,"column":4},"end":{"line":18,"column":30}},"6":{"start":{"line":30,"column":0},"end":{"line":44,"column":2}},"7":{"start":{"line":31,"column":2},"end":{"line":43,"column":3}},"8":{"start":{"line":32,"column":20},"end":{"line":32,"column":41}},"9":{"start":{"line":33,"column":4},"end":{"line":36,"column":7}},"10":{"start":{"line":38,"column":4},"end":{"line":38,"column":25}},"11":{"start":{"line":39,"column":4},"end":{"line":42,"column":7}},"12":{"start":{"line":54,"column":0},"end":{"line":96,"column":2}},"13":{"start":{"line":55,"column":2},"end":{"line":95,"column":3}},"14":{"start":{"line":56,"column":64},"end":{"line":56,"column":72}},"15":{"start":{"line":57,"column":4},"end":{"line":63,"column":5}},"16":{"start":{"line":58,"column":6},"end":{"line":62,"column":9}},"17":{"start":{"line":66,"column":27},"end":{"line":66,"column":71}},"18":{"start":{"line":67,"column":4},"end":{"line":73,"column":5}},"19":{"start":{"line":68,"column":6},"end":{"line":72,"column":9}},"20":{"start":{"line":76,"column":22},"end":{"line":82,"column":6}},"21":{"start":{"line":84,"column":4},"end":{"line":88,"column":7}},"22":{"start":{"line":90,"column":4},"end":{"line":90,"column":35}},"23":{"start":{"line":91,"column":4},"end":{"line":94,"column":7}},"24":{"start":{"line":109,"column":0},"end":{"line":132,"column":2}},"25":{"start":{"line":110,"column":2},"end":{"line":131,"column":3}},"26":{"start":{"line":111,"column":22},"end":{"line":111,"column":30}},"27":{"start":{"line":112,"column":23},"end":{"line":112,"column":51}},"28":{"start":{"line":113,"column":4},"end":{"line":125,"column":5}},"29":{"start":{"line":114,"column":6},"end":{"line":118,"column":9}},"30":{"start":{"line":120,"column":6},"end":{"line":124,"column":9}},"31":{"start":{"line":127,"column":4},"end":{"line":130,"column":7}}},"fnMap":{"0":{"name":"(anonymous_0)","decl":{"start":{"line":11,"column":30},"end":{"line":11,"column":31}},"loc":{"start":{"line":11,"column":50},"end":{"line":20,"column":1}},"line":11},"1":{"name":"(anonymous_1)","decl":{"start":{"line":30,"column":24},"end":{"line":30,"column":25}},"loc":{"start":{"line":30,"column":44},"end":{"line":44,"column":1}},"line":30},"2":{"name":"(anonymous_2)","decl":{"start":{"line":54,"column":23},"end":{"line":54,"column":24}},"loc":{"start":{"line":54,"column":43},"end":{"line":96,"column":1}},"line":54},"3":{"name":"(anonymous_3)","decl":{"start":{"line":109,"column":19},"end":{"line":109,"column":20}},"loc":{"start":{"line":109,"column":39},"end":{"line":132,"column":1}},"line":109}},"branchMap":{"0":{"loc":{"start":{"line":57,"column":4},"end":{"line":63,"column":5}},"type":"if","locations":[{"start":{"line":57,"column":4},"end":{"line":63,"column":5}},{"start":{},"end":{}}],"line":57},"1":{"loc":{"start":{"line":57,"column":8},"end":{"line":57,"column":68}},"type":"binary-expr","locations":[{"start":{"line":57,"column":8},"end":{"line":57,"column":17}},{"start":{"line":57,"column":21},"end":{"line":57,"column":33}},{"start":{"line":57,"column":37},"end":{"line":57,"column":42}},{"start":{"line":57,"column":46},"end":{"line":57,"column":58}},{"start":{"line":57,"column":62},"end":{"line":57,"column":68}}],"line":57},"2":{"loc":{"start":{"line":67,"column":4},"end":{"line":73,"column":5}},"type":"if","locations":[{"start":{"line":67,"column":4},"end":{"line":73,"column":5}},{"start":{},"end":{}}],"line":67},"3":{"loc":{"start":{"line":113,"column":4},"end":{"line":125,"column":5}},"type":"if","locations":[{"start":{"line":113,"column":4},"end":{"line":125,"column":5}},{"start":{"line":119,"column":11},"end":{"line":125,"column":5}}],"line":113}},"s":{"0":1,"1":1,"2":1,"3":0,"4":0,"5":0,"6":1,"7":0,"8":0,"9":0,"10":0,"11":0,"12":1,"13":0,"14":0,"15":0,"16":0,"17":0,"18":0,"19":0,"20":0,"21":0,"22":0,"23":0,"24":1,"25":0,"26":0,"27":0,"28":0,"29":0,"30":0,"31":0},"f":{"0":0,"1":0,"2":0,"3":0},"b":{"0":[0,0],"1":[0,0,0,0,0],"2":[0,0],"3":[0,0]},"_coverageSchema":"1a1c01bbd47fc00a2c39e90264f33305004495a9","hash":"f2fe84029ea9763275801e15a0301364c8ed137c"}
,"/Applications/XAMPP/xamppfiles/htdocs/ballot-app-backend/controllers/ContactController.js": {"path":"/Applications/XAMPP/xamppfiles/htdocs/ballot-app-backend/controllers/ContactController.js","statementMap":{"0":{"start":{"line":1,"column":16},"end":{"line":1,"column":46}},"1":{"start":{"line":11,"column":0},"end":{"line":28,"column":2}},"2":{"start":{"line":12,"column":2},"end":{"line":27,"column":3}},"3":{"start":{"line":13,"column":41},"end":{"line":13,"column":49}},"4":{"start":{"line":14,"column":4},"end":{"line":19,"column":5}},"5":{"start":{"line":15,"column":6},"end":{"line":18,"column":9}},"6":{"start":{"line":20,"column":20},"end":{"line":20,"column":70}},"7":{"start":{"line":21,"column":4},"end":{"line":24,"column":7}},"8":{"start":{"line":26,"column":4},"end":{"line":26,"column":23}}},"fnMap":{"0":{"name":"(anonymous_0)","decl":{"start":{"line":11,"column":22},"end":{"line":11,"column":23}},"loc":{"start":{"line":11,"column":42},"end":{"line":28,"column":1}},"line":11}},"branchMap":{"0":{"loc":{"start":{"line":14,"column":4},"end":{"line":19,"column":5}},"type":"if","locations":[{"start":{"line":14,"column":4},"end":{"line":19,"column":5}},{"start":{},"end":{}}],"line":14},"1":{"loc":{"start":{"line":14,"column":8},"end":{"line":14,"column":39}},"type":"binary-expr","locations":[{"start":{"line":14,"column":8},"end":{"line":14,"column":17}},{"start":{"line":14,"column":21},"end":{"line":14,"column":27}},{"start":{"line":14,"column":31},"end":{"line":14,"column":39}}],"line":14}},"s":{"0":1,"1":1,"2":1,"3":1,"4":1,"5":0,"6":1,"7":1,"8":0},"f":{"0":1},"b":{"0":[0,1],"1":[1,1,1]},"_coverageSchema":"1a1c01bbd47fc00a2c39e90264f33305004495a9","hash":"897334005576d628b80a91f0977c63293c798787"}
,"/Applications/XAMPP/xamppfiles/htdocs/ballot-app-backend/controllers/GroupController.js": {"path":"/Applications/XAMPP/xamppfiles/htdocs/ballot-app-backend/controllers/GroupController.js","statementMap":{"0":{"start":{"line":1,"column":14},"end":{"line":1,"column":40}},"1":{"start":{"line":2,"column":13},"end":{"line":2,"column":38}},"2":{"start":{"line":3,"column":29},"end":{"line":3,"column":65}},"3":{"start":{"line":15,"column":0},"end":{"line":29,"column":2}},"4":{"start":{"line":16,"column":2},"end":{"line":28,"column":3}},"5":{"start":{"line":17,"column":19},"end":{"line":17,"column":39}},"6":{"start":{"line":18,"column":4},"end":{"line":21,"column":7}},"7":{"start":{"line":23,"column":4},"end":{"line":23,"column":25}},"8":{"start":{"line":24,"column":4},"end":{"line":27,"column":7}},"9":{"start":{"line":38,"column":0},"end":{"line":59,"column":2}},"10":{"start":{"line":39,"column":2},"end":{"line":58,"column":3}},"11":{"start":{"line":40,"column":20},"end":{"line":40,"column":33}},"12":{"start":{"line":41,"column":18},"end":{"line":41,"column":62}},"13":{"start":{"line":42,"column":4},"end":{"line":47,"column":5}},"14":{"start":{"line":43,"column":6},"end":{"line":46,"column":9}},"15":{"start":{"line":48,"column":4},"end":{"line":51,"column":7}},"16":{"start":{"line":53,"column":4},"end":{"line":53,"column":25}},"17":{"start":{"line":54,"column":4},"end":{"line":57,"column":7}},"18":{"start":{"line":68,"column":0},"end":{"line":112,"column":2}},"19":{"start":{"line":69,"column":2},"end":{"line":111,"column":3}},"20":{"start":{"line":70,"column":29},"end":{"line":70,"column":37}},"21":{"start":{"line":71,"column":18},"end":{"line":71,"column":45}},"22":{"start":{"line":73,"column":28},"end":{"line":73,"column":48}},"23":{"start":{"line":76,"column":4},"end":{"line":81,"column":5}},"24":{"start":{"line":77,"column":21},"end":{"line":79,"column":7}},"25":{"start":{"line":78,"column":17},"end":{"line":78,"column":28}},"26":{"start":{"line":80,"column":6},"end":{"line":80,"column":62}},"27":{"start":{"line":84,"column":26},"end":{"line":84,"column":56}},"28":{"start":{"line":85,"column":4},"end":{"line":90,"column":5}},"29":{"start":{"line":86,"column":6},"end":{"line":89,"column":9}},"30":{"start":{"line":92,"column":4},"end":{"line":92,"column":23}},"31":{"start":{"line":94,"column":23},"end":{"line":97,"column":5}},"32":{"start":{"line":98,"column":28},"end":{"line":98,"column":62}},"33":{"start":{"line":100,"column":4},"end":{"line":105,"column":7}},"34":{"start":{"line":107,"column":4},"end":{"line":110,"column":7}},"35":{"start":{"line":124,"column":0},"end":{"line":149,"column":2}},"36":{"start":{"line":125,"column":2},"end":{"line":148,"column":3}},"37":{"start":{"line":126,"column":20},"end":{"line":126,"column":33}},"38":{"start":{"line":127,"column":26},"end":{"line":127,"column":70}},"39":{"start":{"line":128,"column":4},"end":{"line":133,"column":5}},"40":{"start":{"line":129,"column":6},"end":{"line":132,"column":9}},"41":{"start":{"line":134,"column":18},"end":{"line":137,"column":6}},"42":{"start":{"line":138,"column":4},"end":{"line":141,"column":7}},"43":{"start":{"line":143,"column":4},"end":{"line":143,"column":25}},"44":{"start":{"line":144,"column":4},"end":{"line":147,"column":7}},"45":{"start":{"line":159,"column":0},"end":{"line":177,"column":2}},"46":{"start":{"line":160,"column":2},"end":{"line":176,"column":3}},"47":{"start":{"line":161,"column":20},"end":{"line":161,"column":33}},"48":{"start":{"line":162,"column":26},"end":{"line":162,"column":70}},"49":{"start":{"line":163,"column":4},"end":{"line":168,"column":5}},"50":{"start":{"line":164,"column":6},"end":{"line":167,"column":9}},"51":{"start":{"line":169,"column":18},"end":{"line":169,"column":64}},"52":{"start":{"line":170,"column":4},"end":{"line":173,"column":7}},"53":{"start":{"line":175,"column":4},"end":{"line":175,"column":61}}},"fnMap":{"0":{"name":"(anonymous_0)","decl":{"start":{"line":15,"column":23},"end":{"line":15,"column":24}},"loc":{"start":{"line":15,"column":43},"end":{"line":29,"column":1}},"line":15},"1":{"name":"(anonymous_1)","decl":{"start":{"line":38,"column":25},"end":{"line":38,"column":26}},"loc":{"start":{"line":38,"column":45},"end":{"line":59,"column":1}},"line":38},"2":{"name":"(anonymous_2)","decl":{"start":{"line":68,"column":22},"end":{"line":68,"column":23}},"loc":{"start":{"line":68,"column":42},"end":{"line":112,"column":1}},"line":68},"3":{"name":"(anonymous_3)","decl":{"start":{"line":78,"column":8},"end":{"line":78,"column":9}},"loc":{"start":{"line":78,"column":17},"end":{"line":78,"column":28}},"line":78},"4":{"name":"(anonymous_4)","decl":{"start":{"line":124,"column":22},"end":{"line":124,"column":23}},"loc":{"start":{"line":124,"column":42},"end":{"line":149,"column":1}},"line":124},"5":{"name":"(anonymous_5)","decl":{"start":{"line":159,"column":22},"end":{"line":159,"column":23}},"loc":{"start":{"line":159,"column":42},"end":{"line":177,"column":1}},"line":159}},"branchMap":{"0":{"loc":{"start":{"line":42,"column":4},"end":{"line":47,"column":5}},"type":"if","locations":[{"start":{"line":42,"column":4},"end":{"line":47,"column":5}},{"start":{},"end":{}}],"line":42},"1":{"loc":{"start":{"line":76,"column":4},"end":{"line":81,"column":5}},"type":"if","locations":[{"start":{"line":76,"column":4},"end":{"line":81,"column":5}},{"start":{},"end":{}}],"line":76},"2":{"loc":{"start":{"line":85,"column":4},"end":{"line":90,"column":5}},"type":"if","locations":[{"start":{"line":85,"column":4},"end":{"line":90,"column":5}},{"start":{},"end":{}}],"line":85},"3":{"loc":{"start":{"line":128,"column":4},"end":{"line":133,"column":5}},"type":"if","locations":[{"start":{"line":128,"column":4},"end":{"line":133,"column":5}},{"start":{},"end":{}}],"line":128},"4":{"loc":{"start":{"line":163,"column":4},"end":{"line":168,"column":5}},"type":"if","locations":[{"start":{"line":163,"column":4},"end":{"line":168,"column":5}},{"start":{},"end":{}}],"line":163}},"s":{"0":1,"1":1,"2":1,"3":1,"4":0,"5":0,"6":0,"7":0,"8":0,"9":1,"10":0,"11":0,"12":0,"13":0,"14":0,"15":0,"16":0,"17":0,"18":1,"19":0,"20":0,"21":0,"22":0,"23":0,"24":0,"25":0,"26":0,"27":0,"28":0,"29":0,"30":0,"31":0,"32":0,"33":0,"34":0,"35":1,"36":0,"37":0,"38":0,"39":0,"40":0,"41":0,"42":0,"43":0,"44":0,"45":1,"46":0,"47":0,"48":0,"49":0,"50":0,"51":0,"52":0,"53":0},"f":{"0":0,"1":0,"2":0,"3":0,"4":0,"5":0},"b":{"0":[0,0],"1":[0,0],"2":[0,0],"3":[0,0],"4":[0,0]},"_coverageSchema":"1a1c01bbd47fc00a2c39e90264f33305004495a9","hash":"e3a6d8011b5f00f529d145b41f59b10fb6e762cf"}
,"/Applications/XAMPP/xamppfiles/htdocs/ballot-app-backend/controllers/MemberController.js": {"path":"/Applications/XAMPP/xamppfiles/htdocs/ballot-app-backend/controllers/MemberController.js","statementMap":{"0":{"start":{"line":1,"column":15},"end":{"line":1,"column":42}},"1":{"start":{"line":2,"column":29},"end":{"line":2,"column":65}},"2":{"start":{"line":15,"column":0},"end":{"line":35,"column":2}},"3":{"start":{"line":16,"column":2},"end":{"line":34,"column":3}},"4":{"start":{"line":17,"column":20},"end":{"line":17,"column":41}},"5":{"start":{"line":18,"column":4},"end":{"line":24,"column":5}},"6":{"start":{"line":19,"column":6},"end":{"line":23,"column":9}},"7":{"start":{"line":25,"column":4},"end":{"line":28,"column":7}},"8":{"start":{"line":30,"column":4},"end":{"line":33,"column":7}},"9":{"start":{"line":44,"column":0},"end":{"line":65,"column":2}},"10":{"start":{"line":45,"column":2},"end":{"line":64,"column":3}},"11":{"start":{"line":46,"column":21},"end":{"line":46,"column":34}},"12":{"start":{"line":47,"column":19},"end":{"line":47,"column":65}},"13":{"start":{"line":48,"column":4},"end":{"line":53,"column":5}},"14":{"start":{"line":49,"column":6},"end":{"line":52,"column":9}},"15":{"start":{"line":54,"column":4},"end":{"line":57,"column":7}},"16":{"start":{"line":59,"column":4},"end":{"line":59,"column":25}},"17":{"start":{"line":60,"column":4},"end":{"line":63,"column":7}},"18":{"start":{"line":75,"column":0},"end":{"line":103,"column":2}},"19":{"start":{"line":76,"column":2},"end":{"line":102,"column":3}},"20":{"start":{"line":77,"column":29},"end":{"line":77,"column":37}},"21":{"start":{"line":78,"column":4},"end":{"line":78,"column":26}},"22":{"start":{"line":79,"column":4},"end":{"line":84,"column":5}},"23":{"start":{"line":80,"column":6},"end":{"line":83,"column":9}},"24":{"start":{"line":86,"column":19},"end":{"line":86,"column":35}},"25":{"start":{"line":88,"column":28},"end":{"line":88,"column":58}},"26":{"start":{"line":90,"column":4},"end":{"line":95,"column":7}},"27":{"start":{"line":97,"column":4},"end":{"line":97,"column":25}},"28":{"start":{"line":98,"column":4},"end":{"line":101,"column":7}},"29":{"start":{"line":112,"column":0},"end":{"line":137,"column":2}},"30":{"start":{"line":113,"column":2},"end":{"line":136,"column":3}},"31":{"start":{"line":114,"column":21},"end":{"line":114,"column":34}},"32":{"start":{"line":115,"column":27},"end":{"line":115,"column":73}},"33":{"start":{"line":116,"column":4},"end":{"line":121,"column":5}},"34":{"start":{"line":117,"column":6},"end":{"line":120,"column":9}},"35":{"start":{"line":122,"column":19},"end":{"line":125,"column":6}},"36":{"start":{"line":126,"column":4},"end":{"line":129,"column":7}},"37":{"start":{"line":131,"column":4},"end":{"line":131,"column":25}},"38":{"start":{"line":132,"column":4},"end":{"line":135,"column":7}},"39":{"start":{"line":147,"column":0},"end":{"line":165,"column":2}},"40":{"start":{"line":148,"column":2},"end":{"line":164,"column":3}},"41":{"start":{"line":149,"column":21},"end":{"line":149,"column":34}},"42":{"start":{"line":150,"column":27},"end":{"line":150,"column":73}},"43":{"start":{"line":151,"column":4},"end":{"line":156,"column":5}},"44":{"start":{"line":152,"column":6},"end":{"line":155,"column":9}},"45":{"start":{"line":157,"column":19},"end":{"line":157,"column":67}},"46":{"start":{"line":158,"column":4},"end":{"line":161,"column":7}},"47":{"start":{"line":163,"column":4},"end":{"line":163,"column":61}}},"fnMap":{"0":{"name":"(anonymous_0)","decl":{"start":{"line":15,"column":24},"end":{"line":15,"column":25}},"loc":{"start":{"line":15,"column":44},"end":{"line":35,"column":1}},"line":15},"1":{"name":"(anonymous_1)","decl":{"start":{"line":44,"column":26},"end":{"line":44,"column":27}},"loc":{"start":{"line":44,"column":46},"end":{"line":65,"column":1}},"line":44},"2":{"name":"(anonymous_2)","decl":{"start":{"line":75,"column":23},"end":{"line":75,"column":24}},"loc":{"start":{"line":75,"column":43},"end":{"line":103,"column":1}},"line":75},"3":{"name":"(anonymous_3)","decl":{"start":{"line":112,"column":23},"end":{"line":112,"column":24}},"loc":{"start":{"line":112,"column":43},"end":{"line":137,"column":1}},"line":112},"4":{"name":"(anonymous_4)","decl":{"start":{"line":147,"column":23},"end":{"line":147,"column":24}},"loc":{"start":{"line":147,"column":43},"end":{"line":165,"column":1}},"line":147}},"branchMap":{"0":{"loc":{"start":{"line":18,"column":4},"end":{"line":24,"column":5}},"type":"if","locations":[{"start":{"line":18,"column":4},"end":{"line":24,"column":5}},{"start":{},"end":{}}],"line":18},"1":{"loc":{"start":{"line":48,"column":4},"end":{"line":53,"column":5}},"type":"if","locations":[{"start":{"line":48,"column":4},"end":{"line":53,"column":5}},{"start":{},"end":{}}],"line":48},"2":{"loc":{"start":{"line":79,"column":4},"end":{"line":84,"column":5}},"type":"if","locations":[{"start":{"line":79,"column":4},"end":{"line":84,"column":5}},{"start":{},"end":{}}],"line":79},"3":{"loc":{"start":{"line":79,"column":8},"end":{"line":79,"column":24}},"type":"binary-expr","locations":[{"start":{"line":79,"column":8},"end":{"line":79,"column":14}},{"start":{"line":79,"column":18},"end":{"line":79,"column":24}}],"line":79},"4":{"loc":{"start":{"line":116,"column":4},"end":{"line":121,"column":5}},"type":"if","locations":[{"start":{"line":116,"column":4},"end":{"line":121,"column":5}},{"start":{},"end":{}}],"line":116},"5":{"loc":{"start":{"line":151,"column":4},"end":{"line":156,"column":5}},"type":"if","locations":[{"start":{"line":151,"column":4},"end":{"line":156,"column":5}},{"start":{},"end":{}}],"line":151}},"s":{"0":1,"1":1,"2":1,"3":0,"4":0,"5":0,"6":0,"7":0,"8":0,"9":1,"10":0,"11":0,"12":0,"13":0,"14":0,"15":0,"16":0,"17":0,"18":1,"19":0,"20":0,"21":0,"22":0,"23":0,"24":0,"25":0,"26":0,"27":0,"28":0,"29":1,"30":0,"31":0,"32":0,"33":0,"34":0,"35":0,"36":0,"37":0,"38":0,"39":1,"40":0,"41":0,"42":0,"43":0,"44":0,"45":0,"46":0,"47":0},"f":{"0":0,"1":0,"2":0,"3":0,"4":0},"b":{"0":[0,0],"1":[0,0],"2":[0,0],"3":[0,0],"4":[0,0],"5":[0,0]},"_coverageSchema":"1a1c01bbd47fc00a2c39e90264f33305004495a9","hash":"808581bb0d256b539d85566e2af28787214b30ac"}
,"/Applications/XAMPP/xamppfiles/htdocs/ballot-app-backend/controllers/UserController.js": {"path":"/Applications/XAMPP/xamppfiles/htdocs/ballot-app-backend/controllers/UserController.js","statementMap":{"0":{"start":{"line":1,"column":13},"end":{"line":1,"column":38}},"1":{"start":{"line":13,"column":0},"end":{"line":28,"column":2}},"2":{"start":{"line":14,"column":2},"end":{"line":27,"column":3}},"3":{"start":{"line":15,"column":18},"end":{"line":15,"column":37}},"4":{"start":{"line":17,"column":4},"end":{"line":20,"column":7}},"5":{"start":{"line":22,"column":4},"end":{"line":22,"column":25}},"6":{"start":{"line":23,"column":4},"end":{"line":26,"column":7}}},"fnMap":{"0":{"name":"(anonymous_0)","decl":{"start":{"line":13,"column":22},"end":{"line":13,"column":23}},"loc":{"start":{"line":13,"column":42},"end":{"line":28,"column":1}},"line":13}},"branchMap":{},"s":{"0":1,"1":1,"2":0,"3":0,"4":0,"5":0,"6":0},"f":{"0":0},"b":{},"_coverageSchema":"1a1c01bbd47fc00a2c39e90264f33305004495a9","hash":"45c9be96de9fce6e516592527a9b7e95538b88d9"}
,"/Applications/XAMPP/xamppfiles/htdocs/ballot-app-backend/controllers/auth.js": {"path":"/Applications/XAMPP/xamppfiles/htdocs/ballot-app-backend/controllers/auth.js","statementMap":{"0":{"start":{"line":1,"column":15},"end":{"line":1,"column":32}},"1":{"start":{"line":2,"column":13},"end":{"line":2,"column":38}},"2":{"start":{"line":3,"column":12},"end":{"line":3,"column":35}},"3":{"start":{"line":4,"column":12},"end":{"line":4,"column":36}},"4":{"start":{"line":5,"column":21},"end":{"line":5,"column":45}},"5":{"start":{"line":6,"column":31},"end":{"line":6,"column":61}},"6":{"start":{"line":7,"column":19},"end":{"line":7,"column":49}},"7":{"start":{"line":8,"column":0},"end":{"line":8,"column":27}},"8":{"start":{"line":11,"column":0},"end":{"line":81,"column":2}},"9":{"start":{"line":12,"column":2},"end":{"line":80,"column":3}},"10":{"start":{"line":14,"column":60},"end":{"line":14,"column":68}},"11":{"start":{"line":17,"column":4},"end":{"line":22,"column":5}},"12":{"start":{"line":18,"column":6},"end":{"line":21,"column":9}},"13":{"start":{"line":25,"column":25},"end":{"line":25,"column":54}},"14":{"start":{"line":26,"column":4},"end":{"line":31,"column":5}},"15":{"start":{"line":27,"column":6},"end":{"line":30,"column":9}},"16":{"start":{"line":34,"column":21},"end":{"line":34,"column":79}},"17":{"start":{"line":35,"column":4},"end":{"line":35,"column":26}},"18":{"start":{"line":36,"column":4},"end":{"line":48,"column":5}},"19":{"start":{"line":38,"column":6},"end":{"line":41,"column":9}},"20":{"start":{"line":42,"column":11},"end":{"line":48,"column":5}},"21":{"start":{"line":44,"column":6},"end":{"line":47,"column":9}},"22":{"start":{"line":52,"column":4},"end":{"line":59,"column":5}},"23":{"start":{"line":53,"column":6},"end":{"line":53,"column":55}},"24":{"start":{"line":55,"column":6},"end":{"line":58,"column":9}},"25":{"start":{"line":61,"column":17},"end":{"line":67,"column":6}},"26":{"start":{"line":69,"column":4},"end":{"line":73,"column":7}},"27":{"start":{"line":75,"column":4},"end":{"line":75,"column":25}},"28":{"start":{"line":76,"column":4},"end":{"line":79,"column":7}},"29":{"start":{"line":83,"column":0},"end":{"line":145,"column":2}},"30":{"start":{"line":84,"column":2},"end":{"line":144,"column":3}},"31":{"start":{"line":86,"column":32},"end":{"line":86,"column":40}},"32":{"start":{"line":88,"column":4},"end":{"line":93,"column":5}},"33":{"start":{"line":89,"column":6},"end":{"line":92,"column":9}},"34":{"start":{"line":96,"column":15},"end":{"line":96,"column":44}},"35":{"start":{"line":98,"column":4},"end":{"line":103,"column":5}},"36":{"start":{"line":99,"column":6},"end":{"line":102,"column":9}},"37":{"start":{"line":105,"column":20},"end":{"line":109,"column":5}},"38":{"start":{"line":111,"column":4},"end":{"line":137,"column":5}},"39":{"start":{"line":114,"column":18},"end":{"line":116,"column":8}},"40":{"start":{"line":117,"column":6},"end":{"line":117,"column":29}},"41":{"start":{"line":118,"column":6},"end":{"line":118,"column":25}},"42":{"start":{"line":120,"column":6},"end":{"line":120,"column":32}},"43":{"start":{"line":121,"column":22},"end":{"line":124,"column":7}},"44":{"start":{"line":125,"column":6},"end":{"line":130,"column":9}},"45":{"start":{"line":133,"column":6},"end":{"line":136,"column":9}},"46":{"start":{"line":139,"column":4},"end":{"line":139,"column":25}},"47":{"start":{"line":140,"column":4},"end":{"line":143,"column":7}},"48":{"start":{"line":148,"column":0},"end":{"line":192,"column":2}},"49":{"start":{"line":149,"column":2},"end":{"line":191,"column":3}},"50":{"start":{"line":150,"column":22},"end":{"line":150,"column":30}},"51":{"start":{"line":154,"column":29},"end":{"line":154,"column":58}},"52":{"start":{"line":158,"column":4},"end":{"line":164,"column":5}},"53":{"start":{"line":160,"column":6},"end":{"line":163,"column":9}},"54":{"start":{"line":166,"column":14},"end":{"line":170,"column":6}},"55":{"start":{"line":171,"column":19},"end":{"line":171,"column":50}},"56":{"start":{"line":172,"column":4},"end":{"line":172,"column":47}},"57":{"start":{"line":173,"column":4},"end":{"line":173,"column":28}},"58":{"start":{"line":174,"column":4},"end":{"line":174,"column":34}},"59":{"start":{"line":175,"column":4},"end":{"line":179,"column":5}},"60":{"start":{"line":176,"column":6},"end":{"line":178,"column":9}},"61":{"start":{"line":180,"column":23},"end":{"line":180,"column":37}},"62":{"start":{"line":181,"column":20},"end":{"line":181,"column":48}},"63":{"start":{"line":182,"column":4},"end":{"line":182,"column":37}},"64":{"start":{"line":183,"column":4},"end":{"line":187,"column":7}},"65":{"start":{"line":189,"column":4},"end":{"line":189,"column":31}},"66":{"start":{"line":190,"column":4},"end":{"line":190,"column":74}},"67":{"start":{"line":196,"column":0},"end":{"line":234,"column":2}},"68":{"start":{"line":198,"column":20},"end":{"line":198,"column":28}},"69":{"start":{"line":199,"column":2},"end":{"line":199,"column":21}},"70":{"start":{"line":201,"column":2},"end":{"line":233,"column":3}},"71":{"start":{"line":203,"column":17},"end":{"line":203,"column":46}},"72":{"start":{"line":205,"column":4},"end":{"line":210,"column":5}},"73":{"start":{"line":206,"column":6},"end":{"line":209,"column":9}},"74":{"start":{"line":213,"column":18},"end":{"line":213,"column":38}},"75":{"start":{"line":214,"column":4},"end":{"line":214,"column":28}},"76":{"start":{"line":215,"column":4},"end":{"line":215,"column":53}},"77":{"start":{"line":216,"column":4},"end":{"line":216,"column":22}},"78":{"start":{"line":219,"column":4},"end":{"line":223,"column":6}},"79":{"start":{"line":225,"column":4},"end":{"line":229,"column":7}},"80":{"start":{"line":231,"column":4},"end":{"line":231,"column":25}},"81":{"start":{"line":232,"column":4},"end":{"line":232,"column":63}},"82":{"start":{"line":236,"column":0},"end":{"line":269,"column":2}},"83":{"start":{"line":237,"column":20},"end":{"line":237,"column":30}},"84":{"start":{"line":238,"column":23},"end":{"line":238,"column":31}},"85":{"start":{"line":240,"column":2},"end":{"line":268,"column":3}},"86":{"start":{"line":242,"column":17},"end":{"line":245,"column":6}},"87":{"start":{"line":247,"column":4},"end":{"line":252,"column":5}},"88":{"start":{"line":248,"column":6},"end":{"line":251,"column":9}},"89":{"start":{"line":254,"column":4},"end":{"line":254,"column":53}},"90":{"start":{"line":256,"column":4},"end":{"line":256,"column":35}},"91":{"start":{"line":257,"column":4},"end":{"line":257,"column":32}},"92":{"start":{"line":258,"column":4},"end":{"line":258,"column":42}},"93":{"start":{"line":259,"column":4},"end":{"line":259,"column":22}},"94":{"start":{"line":261,"column":4},"end":{"line":264,"column":7}},"95":{"start":{"line":266,"column":4},"end":{"line":266,"column":25}},"96":{"start":{"line":267,"column":4},"end":{"line":267,"column":63}}},"fnMap":{"0":{"name":"(anonymous_0)","decl":{"start":{"line":11,"column":17},"end":{"line":11,"column":18}},"loc":{"start":{"line":11,"column":37},"end":{"line":81,"column":1}},"line":11},"1":{"name":"(anonymous_1)","decl":{"start":{"line":83,"column":16},"end":{"line":83,"column":17}},"loc":{"start":{"line":83,"column":36},"end":{"line":145,"column":1}},"line":83},"2":{"name":"(anonymous_2)","decl":{"start":{"line":148,"column":18},"end":{"line":148,"column":19}},"loc":{"start":{"line":148,"column":38},"end":{"line":192,"column":1}},"line":148},"3":{"name":"(anonymous_3)","decl":{"start":{"line":196,"column":25},"end":{"line":196,"column":26}},"loc":{"start":{"line":196,"column":45},"end":{"line":234,"column":1}},"line":196},"4":{"name":"(anonymous_4)","decl":{"start":{"line":236,"column":24},"end":{"line":236,"column":25}},"loc":{"start":{"line":236,"column":44},"end":{"line":269,"column":1}},"line":236}},"branchMap":{"0":{"loc":{"start":{"line":17,"column":4},"end":{"line":22,"column":5}},"type":"if","locations":[{"start":{"line":17,"column":4},"end":{"line":22,"column":5}},{"start":{},"end":{}}],"line":17},"1":{"loc":{"start":{"line":17,"column":8},"end":{"line":17,"column":58}},"type":"binary-expr","locations":[{"start":{"line":17,"column":8},"end":{"line":17,"column":13}},{"start":{"line":17,"column":17},"end":{"line":17,"column":23}},{"start":{"line":17,"column":27},"end":{"line":17,"column":37}},{"start":{"line":17,"column":41},"end":{"line":17,"column":50}},{"start":{"line":17,"column":54},"end":{"line":17,"column":58}}],"line":17},"2":{"loc":{"start":{"line":26,"column":4},"end":{"line":31,"column":5}},"type":"if","locations":[{"start":{"line":26,"column":4},"end":{"line":31,"column":5}},{"start":{},"end":{}}],"line":26},"3":{"loc":{"start":{"line":36,"column":4},"end":{"line":48,"column":5}},"type":"if","locations":[{"start":{"line":36,"column":4},"end":{"line":48,"column":5}},{"start":{"line":42,"column":11},"end":{"line":48,"column":5}}],"line":36},"4":{"loc":{"start":{"line":42,"column":11},"end":{"line":48,"column":5}},"type":"if","locations":[{"start":{"line":42,"column":11},"end":{"line":48,"column":5}},{"start":{},"end":{}}],"line":42},"5":{"loc":{"start":{"line":88,"column":4},"end":{"line":93,"column":5}},"type":"if","locations":[{"start":{"line":88,"column":4},"end":{"line":93,"column":5}},{"start":{},"end":{}}],"line":88},"6":{"loc":{"start":{"line":88,"column":8},"end":{"line":88,"column":27}},"type":"binary-expr","locations":[{"start":{"line":88,"column":8},"end":{"line":88,"column":14}},{"start":{"line":88,"column":18},"end":{"line":88,"column":27}}],"line":88},"7":{"loc":{"start":{"line":98,"column":4},"end":{"line":103,"column":5}},"type":"if","locations":[{"start":{"line":98,"column":4},"end":{"line":103,"column":5}},{"start":{},"end":{}}],"line":98},"8":{"loc":{"start":{"line":111,"column":4},"end":{"line":137,"column":5}},"type":"if","locations":[{"start":{"line":111,"column":4},"end":{"line":137,"column":5}},{"start":{"line":131,"column":11},"end":{"line":137,"column":5}}],"line":111},"9":{"loc":{"start":{"line":158,"column":4},"end":{"line":164,"column":5}},"type":"if","locations":[{"start":{"line":158,"column":4},"end":{"line":164,"column":5}},{"start":{},"end":{}}],"line":158},"10":{"loc":{"start":{"line":205,"column":4},"end":{"line":210,"column":5}},"type":"if","locations":[{"start":{"line":205,"column":4},"end":{"line":210,"column":5}},{"start":{},"end":{}}],"line":205},"11":{"loc":{"start":{"line":247,"column":4},"end":{"line":252,"column":5}},"type":"if","locations":[{"start":{"line":247,"column":4},"end":{"line":252,"column":5}},{"start":{},"end":{}}],"line":247}},"s":{"0":1,"1":1,"2":1,"3":1,"4":1,"5":1,"6":1,"7":1,"8":1,"9":0,"10":0,"11":0,"12":0,"13":0,"14":0,"15":0,"16":0,"17":0,"18":0,"19":0,"20":0,"21":0,"22":0,"23":0,"24":0,"25":0,"26":0,"27":0,"28":0,"29":1,"30":0,"31":0,"32":0,"33":0,"34":0,"35":0,"36":0,"37":0,"38":0,"39":0,"40":0,"41":0,"42":0,"43":0,"44":0,"45":0,"46":0,"47":0,"48":1,"49":0,"50":0,"51":0,"52":0,"53":0,"54":0,"55":0,"56":0,"57":0,"58":0,"59":0,"60":0,"61":0,"62":0,"63":0,"64":0,"65":0,"66":0,"67":1,"68":0,"69":0,"70":0,"71":0,"72":0,"73":0,"74":0,"75":0,"76":0,"77":0,"78":0,"79":0,"80":0,"81":0,"82":1,"83":0,"84":0,"85":0,"86":0,"87":0,"88":0,"89":0,"90":0,"91":0,"92":0,"93":0,"94":0,"95":0,"96":0},"f":{"0":0,"1":0,"2":0,"3":0,"4":0},"b":{"0":[0,0],"1":[0,0,0,0,0],"2":[0,0],"3":[0,0],"4":[0,0],"5":[0,0],"6":[0,0],"7":[0,0],"8":[0,0],"9":[0,0],"10":[0,0],"11":[0,0]},"_coverageSchema":"1a1c01bbd47fc00a2c39e90264f33305004495a9","hash":"8690e9c6bf34fcc6e7412883a3055e2d66f6f1fd"}
,"/Applications/XAMPP/xamppfiles/htdocs/ballot-app-backend/controllers/otpController.js": {"path":"/Applications/XAMPP/xamppfiles/htdocs/ballot-app-backend/controllers/otpController.js","statementMap":{"0":{"start":{"line":1,"column":21},"end":{"line":1,"column":45}},"1":{"start":{"line":2,"column":12},"end":{"line":2,"column":36}},"2":{"start":{"line":3,"column":13},"end":{"line":3,"column":38}},"3":{"start":{"line":13,"column":0},"end":{"line":48,"column":2}},"4":{"start":{"line":14,"column":2},"end":{"line":47,"column":3}},"5":{"start":{"line":15,"column":22},"end":{"line":15,"column":30}},"6":{"start":{"line":17,"column":29},"end":{"line":17,"column":58}},"7":{"start":{"line":19,"column":4},"end":{"line":24,"column":5}},"8":{"start":{"line":20,"column":6},"end":{"line":23,"column":9}},"9":{"start":{"line":25,"column":14},"end":{"line":29,"column":6}},"10":{"start":{"line":30,"column":17},"end":{"line":30,"column":48}},"11":{"start":{"line":31,"column":4},"end":{"line":36,"column":5}},"12":{"start":{"line":32,"column":6},"end":{"line":34,"column":9}},"13":{"start":{"line":35,"column":6},"end":{"line":35,"column":47}},"14":{"start":{"line":37,"column":23},"end":{"line":37,"column":37}},"15":{"start":{"line":38,"column":20},"end":{"line":38,"column":48}},"16":{"start":{"line":39,"column":4},"end":{"line":43,"column":7}},"17":{"start":{"line":45,"column":4},"end":{"line":45,"column":31}},"18":{"start":{"line":46,"column":4},"end":{"line":46,"column":74}}},"fnMap":{"0":{"name":"(anonymous_0)","decl":{"start":{"line":13,"column":18},"end":{"line":13,"column":19}},"loc":{"start":{"line":13,"column":38},"end":{"line":48,"column":1}},"line":13}},"branchMap":{"0":{"loc":{"start":{"line":19,"column":4},"end":{"line":24,"column":5}},"type":"if","locations":[{"start":{"line":19,"column":4},"end":{"line":24,"column":5}},{"start":{},"end":{}}],"line":19}},"s":{"0":1,"1":1,"2":1,"3":1,"4":0,"5":0,"6":0,"7":0,"8":0,"9":0,"10":0,"11":0,"12":0,"13":0,"14":0,"15":0,"16":0,"17":0,"18":0},"f":{"0":0},"b":{"0":[0,0]},"_coverageSchema":"1a1c01bbd47fc00a2c39e90264f33305004495a9","hash":"2327b7b79fe6a22c9d6beab9e3a93ec36e53d795"}
,"/Applications/XAMPP/xamppfiles/htdocs/ballot-app-backend/middlewares/authMiddle.js": {"path":"/Applications/XAMPP/xamppfiles/htdocs/ballot-app-backend/middlewares/authMiddle.js","statementMap":{"0":{"start":{"line":1,"column":12},"end":{"line":1,"column":35}},"1":{"start":{"line":2,"column":0},"end":{"line":2,"column":27}},"2":{"start":{"line":15,"column":0},"end":{"line":46,"column":2}},"3":{"start":{"line":16,"column":2},"end":{"line":45,"column":3}},"4":{"start":{"line":18,"column":18},"end":{"line":18,"column":57}},"5":{"start":{"line":19,"column":4},"end":{"line":19,"column":23}},"6":{"start":{"line":20,"column":4},"end":{"line":25,"column":5}},"7":{"start":{"line":21,"column":6},"end":{"line":24,"column":9}},"8":{"start":{"line":28,"column":4},"end":{"line":37,"column":5}},"9":{"start":{"line":29,"column":21},"end":{"line":29,"column":62}},"10":{"start":{"line":30,"column":6},"end":{"line":30,"column":24}},"11":{"start":{"line":31,"column":6},"end":{"line":31,"column":28}},"12":{"start":{"line":33,"column":6},"end":{"line":36,"column":9}},"13":{"start":{"line":39,"column":4},"end":{"line":39,"column":11}},"14":{"start":{"line":41,"column":4},"end":{"line":44,"column":7}},"15":{"start":{"line":57,"column":0},"end":{"line":74,"column":2}},"16":{"start":{"line":58,"column":2},"end":{"line":73,"column":3}},"17":{"start":{"line":59,"column":4},"end":{"line":59,"column":26}},"18":{"start":{"line":60,"column":4},"end":{"line":65,"column":5}},"19":{"start":{"line":61,"column":6},"end":{"line":64,"column":9}},"20":{"start":{"line":67,"column":4},"end":{"line":67,"column":11}},"21":{"start":{"line":69,"column":4},"end":{"line":72,"column":7}},"22":{"start":{"line":85,"column":0},"end":{"line":101,"column":2}},"23":{"start":{"line":86,"column":2},"end":{"line":100,"column":3}},"24":{"start":{"line":87,"column":4},"end":{"line":92,"column":5}},"25":{"start":{"line":88,"column":6},"end":{"line":91,"column":9}},"26":{"start":{"line":94,"column":4},"end":{"line":94,"column":11}},"27":{"start":{"line":96,"column":4},"end":{"line":99,"column":7}},"28":{"start":{"line":112,"column":0},"end":{"line":128,"column":2}},"29":{"start":{"line":113,"column":2},"end":{"line":127,"column":3}},"30":{"start":{"line":114,"column":4},"end":{"line":119,"column":5}},"31":{"start":{"line":115,"column":6},"end":{"line":118,"column":9}},"32":{"start":{"line":121,"column":4},"end":{"line":121,"column":11}},"33":{"start":{"line":123,"column":4},"end":{"line":126,"column":7}}},"fnMap":{"0":{"name":"(anonymous_0)","decl":{"start":{"line":15,"column":15},"end":{"line":15,"column":16}},"loc":{"start":{"line":15,"column":35},"end":{"line":46,"column":1}},"line":15},"1":{"name":"(anonymous_1)","decl":{"start":{"line":57,"column":19},"end":{"line":57,"column":20}},"loc":{"start":{"line":57,"column":39},"end":{"line":74,"column":1}},"line":57},"2":{"name":"(anonymous_2)","decl":{"start":{"line":85,"column":18},"end":{"line":85,"column":19}},"loc":{"start":{"line":85,"column":38},"end":{"line":101,"column":1}},"line":85},"3":{"name":"(anonymous_3)","decl":{"start":{"line":112,"column":21},"end":{"line":112,"column":22}},"loc":{"start":{"line":112,"column":41},"end":{"line":128,"column":1}},"line":112}},"branchMap":{"0":{"loc":{"start":{"line":20,"column":4},"end":{"line":25,"column":5}},"type":"if","locations":[{"start":{"line":20,"column":4},"end":{"line":25,"column":5}},{"start":{},"end":{}}],"line":20},"1":{"loc":{"start":{"line":60,"column":4},"end":{"line":65,"column":5}},"type":"if","locations":[{"start":{"line":60,"column":4},"end":{"line":65,"column":5}},{"start":{},"end":{}}],"line":60},"2":{"loc":{"start":{"line":87,"column":4},"end":{"line":92,"column":5}},"type":"if","locations":[{"start":{"line":87,"column":4},"end":{"line":92,"column":5}},{"start":{},"end":{}}],"line":87},"3":{"loc":{"start":{"line":114,"column":4},"end":{"line":119,"column":5}},"type":"if","locations":[{"start":{"line":114,"column":4},"end":{"line":119,"column":5}},{"start":{},"end":{}}],"line":114}},"s":{"0":1,"1":1,"2":1,"3":0,"4":0,"5":0,"6":0,"7":0,"8":0,"9":0,"10":0,"11":0,"12":0,"13":0,"14":0,"15":1,"16":0,"17":0,"18":0,"19":0,"20":0,"21":0,"22":1,"23":0,"24":0,"25":0,"26":0,"27":0,"28":1,"29":0,"30":0,"31":0,"32":0,"33":0},"f":{"0":0,"1":0,"2":0,"3":0},"b":{"0":[0,0],"1":[0,0],"2":[0,0],"3":[0,0]},"_coverageSchema":"1a1c01bbd47fc00a2c39e90264f33305004495a9","hash":"5fa32c9f90dec7338119218420f15126d4a8d558"}
,"/Applications/XAMPP/xamppfiles/htdocs/ballot-app-backend/models/Ballot.js": {"path":"/Applications/XAMPP/xamppfiles/htdocs/ballot-app-backend/models/Ballot.js","statementMap":{"0":{"start":{"line":1,"column":17},"end":{"line":1,"column":36}},"1":{"start":{"line":2,"column":15},"end":{"line":2,"column":42}},"2":{"start":{"line":3,"column":23},"end":{"line":3,"column":53}},"3":{"start":{"line":5,"column":0},"end":{"line":30,"column":3}},"4":{"start":{"line":32,"column":0},"end":{"line":49,"column":3}},"5":{"start":{"line":34,"column":17},"end":{"line":34,"column":19}},"6":{"start":{"line":35,"column":18},"end":{"line":35,"column":37}},"7":{"start":{"line":36,"column":19},"end":{"line":41,"column":3}},"8":{"start":{"line":43,"column":2},"end":{"line":47,"column":5}},"9":{"start":{"line":44,"column":4},"end":{"line":46,"column":5}},"10":{"start":{"line":45,"column":6},"end":{"line":45,"column":32}},"11":{"start":{"line":48,"column":2},"end":{"line":48,"column":31}},"12":{"start":{"line":51,"column":0},"end":{"line":51,"column":56}}},"fnMap":{"0":{"name":"(anonymous_0)","decl":{"start":{"line":32,"column":25},"end":{"line":32,"column":26}},"loc":{"start":{"line":32,"column":47},"end":{"line":49,"column":1}},"line":32},"1":{"name":"(anonymous_1)","decl":{"start":{"line":43,"column":14},"end":{"line":43,"column":15}},"loc":{"start":{"line":43,"column":26},"end":{"line":47,"column":3}},"line":43}},"branchMap":{"0":{"loc":{"start":{"line":44,"column":4},"end":{"line":46,"column":5}},"type":"if","locations":[{"start":{"line":44,"column":4},"end":{"line":46,"column":5}},{"start":{},"end":{}}],"line":44}},"s":{"0":1,"1":1,"2":1,"3":1,"4":1,"5":0,"6":0,"7":0,"8":0,"9":0,"10":0,"11":0,"12":1},"f":{"0":0,"1":0},"b":{"0":[0,0]},"_coverageSchema":"1a1c01bbd47fc00a2c39e90264f33305004495a9","hash":"e37f4e77579bd7ddeeaecfa55c55bf11be6e9a84"}
,"/Applications/XAMPP/xamppfiles/htdocs/ballot-app-backend/models/Contact.js": {"path":"/Applications/XAMPP/xamppfiles/htdocs/ballot-app-backend/models/Contact.js","statementMap":{"0":{"start":{"line":1,"column":17},"end":{"line":1,"column":36}},"1":{"start":{"line":3,"column":0},"end":{"line":16,"column":3}},"2":{"start":{"line":18,"column":0},"end":{"line":18,"column":58}}},"fnMap":{},"branchMap":{},"s":{"0":1,"1":1,"2":1},"f":{},"b":{},"_coverageSchema":"1a1c01bbd47fc00a2c39e90264f33305004495a9","hash":"3b917ee8e8e4f719952d5b30ee08061115f940e6"}
,"/Applications/XAMPP/xamppfiles/htdocs/ballot-app-backend/models/Group.js": {"path":"/Applications/XAMPP/xamppfiles/htdocs/ballot-app-backend/models/Group.js","statementMap":{"0":{"start":{"line":1,"column":17},"end":{"line":1,"column":36}},"1":{"start":{"line":3,"column":0},"end":{"line":21,"column":3}},"2":{"start":{"line":23,"column":0},"end":{"line":23,"column":54}}},"fnMap":{},"branchMap":{},"s":{"0":1,"1":1,"2":1},"f":{},"b":{},"_coverageSchema":"1a1c01bbd47fc00a2c39e90264f33305004495a9","hash":"310b47ba0f6730e6dc6ebff55e5e9490e328dca4"}
,"/Applications/XAMPP/xamppfiles/htdocs/ballot-app-backend/models/Member.js": {"path":"/Applications/XAMPP/xamppfiles/htdocs/ballot-app-backend/models/Member.js","statementMap":{"0":{"start":{"line":1,"column":17},"end":{"line":1,"column":36}},"1":{"start":{"line":2,"column":19},"end":{"line":2,"column":49}},"2":{"start":{"line":4,"column":0},"end":{"line":13,"column":3}},"3":{"start":{"line":15,"column":0},"end":{"line":38,"column":3}},"4":{"start":{"line":16,"column":2},"end":{"line":37,"column":3}},"5":{"start":{"line":18,"column":6},"end":{"line":18,"column":5166}},"6":{"start":{"line":20,"column":4},"end":{"line":33,"column":6}},"7":{"start":{"line":34,"column":4},"end":{"line":34,"column":11}},"8":{"start":{"line":36,"column":4},"end":{"line":36,"column":16}},"9":{"start":{"line":40,"column":0},"end":{"line":40,"column":56}}},"fnMap":{"0":{"name":"(anonymous_0)","decl":{"start":{"line":15,"column":25},"end":{"line":15,"column":26}},"loc":{"start":{"line":15,"column":47},"end":{"line":38,"column":1}},"line":15}},"branchMap":{},"s":{"0":1,"1":1,"2":1,"3":1,"4":0,"5":0,"6":0,"7":0,"8":0,"9":1},"f":{"0":0},"b":{},"_coverageSchema":"1a1c01bbd47fc00a2c39e90264f33305004495a9","hash":"80d527a9b73f8e241240b2741242b43f07c73f7e"}
,"/Applications/XAMPP/xamppfiles/htdocs/ballot-app-backend/models/OTP.js": {"path":"/Applications/XAMPP/xamppfiles/htdocs/ballot-app-backend/models/OTP.js","statementMap":{"0":{"start":{"line":1,"column":17},"end":{"line":1,"column":36}},"1":{"start":{"line":2,"column":19},"end":{"line":2,"column":49}},"2":{"start":{"line":4,"column":18},"end":{"line":18,"column":2}},"3":{"start":{"line":22,"column":2},"end":{"line":46,"column":3}},"4":{"start":{"line":24,"column":6},"end":{"line":24,"column":5166}},"5":{"start":{"line":27,"column":25},"end":{"line":40,"column":5}},"6":{"start":{"line":42,"column":4},"end":{"line":42,"column":59}},"7":{"start":{"line":44,"column":4},"end":{"line":44,"column":63}},"8":{"start":{"line":45,"column":4},"end":{"line":45,"column":16}},"9":{"start":{"line":49,"column":0},"end":{"line":57,"column":3}},"10":{"start":{"line":50,"column":2},"end":{"line":50,"column":48}},"11":{"start":{"line":53,"column":2},"end":{"line":55,"column":3}},"12":{"start":{"line":54,"column":4},"end":{"line":54,"column":54}},"13":{"start":{"line":56,"column":2},"end":{"line":56,"column":9}},"14":{"start":{"line":59,"column":12},"end":{"line":59,"column":44}},"15":{"start":{"line":61,"column":0},"end":{"line":61,"column":21}}},"fnMap":{"0":{"name":"sendVerificationEmail","decl":{"start":{"line":21,"column":15},"end":{"line":21,"column":36}},"loc":{"start":{"line":21,"column":49},"end":{"line":47,"column":1}},"line":21},"1":{"name":"(anonymous_1)","decl":{"start":{"line":49,"column":22},"end":{"line":49,"column":23}},"loc":{"start":{"line":49,"column":44},"end":{"line":57,"column":1}},"line":49}},"branchMap":{"0":{"loc":{"start":{"line":53,"column":2},"end":{"line":55,"column":3}},"type":"if","locations":[{"start":{"line":53,"column":2},"end":{"line":55,"column":3}},{"start":{},"end":{}}],"line":53}},"s":{"0":1,"1":1,"2":1,"3":0,"4":0,"5":0,"6":0,"7":0,"8":0,"9":1,"10":0,"11":0,"12":0,"13":0,"14":1,"15":1},"f":{"0":0,"1":0},"b":{"0":[0,0]},"_coverageSchema":"1a1c01bbd47fc00a2c39e90264f33305004495a9","hash":"4bfa1092fffbf613b212a95df7f847632b6366ca"}
,"/Applications/XAMPP/xamppfiles/htdocs/ballot-app-backend/models/user.js": {"path":"/Applications/XAMPP/xamppfiles/htdocs/ballot-app-backend/models/user.js","statementMap":{"0":{"start":{"line":1,"column":17},"end":{"line":1,"column":36}},"1":{"start":{"line":3,"column":19},"end":{"line":36,"column":2}},"2":{"start":{"line":38,"column":0},"end":{"line":38,"column":52}}},"fnMap":{},"branchMap":{},"s":{"0":1,"1":1,"2":1},"f":{},"b":{},"_coverageSchema":"1a1c01bbd47fc00a2c39e90264f33305004495a9","hash":"a7abc61130817e46dc3f410fd9f9f07a337595fe"}
,"/Applications/XAMPP/xamppfiles/htdocs/ballot-app-backend/routes/ballot.js": {"path":"/Applications/XAMPP/xamppfiles/htdocs/ballot-app-backend/routes/ballot.js","statementMap":{"0":{"start":{"line":1,"column":16},"end":{"line":1,"column":34}},"1":{"start":{"line":2,"column":15},"end":{"line":2,"column":31}},"2":{"start":{"line":9,"column":4},"end":{"line":9,"column":46}},"3":{"start":{"line":15,"column":4},"end":{"line":15,"column":40}},"4":{"start":{"line":17,"column":0},"end":{"line":17,"column":50}},"5":{"start":{"line":18,"column":0},"end":{"line":18,"column":48}},"6":{"start":{"line":19,"column":0},"end":{"line":19,"column":44}},"7":{"start":{"line":20,"column":0},"end":{"line":20,"column":46}},"8":{"start":{"line":22,"column":0},"end":{"line":22,"column":24}}},"fnMap":{},"branchMap":{},"s":{"0":1,"1":1,"2":1,"3":1,"4":1,"5":1,"6":1,"7":1,"8":1},"f":{},"b":{},"_coverageSchema":"1a1c01bbd47fc00a2c39e90264f33305004495a9","hash":"cc81f73a326d8218208b66b828365de49aaec5d8"}
,"/Applications/XAMPP/xamppfiles/htdocs/ballot-app-backend/routes/contact.js": {"path":"/Applications/XAMPP/xamppfiles/htdocs/ballot-app-backend/routes/contact.js","statementMap":{"0":{"start":{"line":1,"column":16},"end":{"line":1,"column":34}},"1":{"start":{"line":2,"column":15},"end":{"line":2,"column":31}},"2":{"start":{"line":4,"column":23},"end":{"line":4,"column":66}},"3":{"start":{"line":6,"column":0},"end":{"line":6,"column":37}},"4":{"start":{"line":8,"column":0},"end":{"line":8,"column":24}}},"fnMap":{},"branchMap":{},"s":{"0":1,"1":1,"2":1,"3":1,"4":1},"f":{},"b":{},"_coverageSchema":"1a1c01bbd47fc00a2c39e90264f33305004495a9","hash":"1efcb61d6fe094483a8b8f79df27e24c36fd819e"}
,"/Applications/XAMPP/xamppfiles/htdocs/ballot-app-backend/routes/group.js": {"path":"/Applications/XAMPP/xamppfiles/htdocs/ballot-app-backend/routes/group.js","statementMap":{"0":{"start":{"line":1,"column":16},"end":{"line":1,"column":34}},"1":{"start":{"line":2,"column":15},"end":{"line":2,"column":31}},"2":{"start":{"line":10,"column":4},"end":{"line":10,"column":45}},"3":{"start":{"line":16,"column":4},"end":{"line":16,"column":40}},"4":{"start":{"line":18,"column":0},"end":{"line":18,"column":42}},"5":{"start":{"line":19,"column":0},"end":{"line":19,"column":48}},"6":{"start":{"line":20,"column":0},"end":{"line":20,"column":42}},"7":{"start":{"line":21,"column":0},"end":{"line":21,"column":45}},"8":{"start":{"line":22,"column":0},"end":{"line":22,"column":48}},"9":{"start":{"line":24,"column":0},"end":{"line":24,"column":24}}},"fnMap":{},"branchMap":{},"s":{"0":1,"1":1,"2":1,"3":1,"4":1,"5":1,"6":1,"7":1,"8":1,"9":1},"f":{},"b":{},"_coverageSchema":"1a1c01bbd47fc00a2c39e90264f33305004495a9","hash":"585b0ea53bd89bf7a5596189c88e751ca9b69eb2"}
,"/Applications/XAMPP/xamppfiles/htdocs/ballot-app-backend/routes/member.js": {"path":"/Applications/XAMPP/xamppfiles/htdocs/ballot-app-backend/routes/member.js","statementMap":{"0":{"start":{"line":1,"column":16},"end":{"line":1,"column":34}},"1":{"start":{"line":2,"column":15},"end":{"line":2,"column":31}},"2":{"start":{"line":10,"column":4},"end":{"line":10,"column":46}},"3":{"start":{"line":16,"column":4},"end":{"line":16,"column":40}},"4":{"start":{"line":18,"column":0},"end":{"line":18,"column":38}},"5":{"start":{"line":19,"column":0},"end":{"line":19,"column":50}},"6":{"start":{"line":20,"column":0},"end":{"line":20,"column":44}},"7":{"start":{"line":21,"column":0},"end":{"line":21,"column":47}},"8":{"start":{"line":22,"column":0},"end":{"line":22,"column":50}},"9":{"start":{"line":24,"column":0},"end":{"line":24,"column":24}}},"fnMap":{},"branchMap":{},"s":{"0":1,"1":1,"2":1,"3":1,"4":1,"5":1,"6":1,"7":1,"8":1,"9":1},"f":{},"b":{},"_coverageSchema":"1a1c01bbd47fc00a2c39e90264f33305004495a9","hash":"06988e6b59005b6abd667ad752733dad5eb2e39a"}
,"/Applications/XAMPP/xamppfiles/htdocs/ballot-app-backend/routes/user.js": {"path":"/Applications/XAMPP/xamppfiles/htdocs/ballot-app-backend/routes/user.js","statementMap":{"0":{"start":{"line":1,"column":16},"end":{"line":1,"column":34}},"1":{"start":{"line":2,"column":15},"end":{"line":2,"column":31}},"2":{"start":{"line":11,"column":4},"end":{"line":11,"column":34}},"3":{"start":{"line":17,"column":4},"end":{"line":17,"column":40}},"4":{"start":{"line":18,"column":24},"end":{"line":18,"column":64}},"5":{"start":{"line":20,"column":0},"end":{"line":20,"column":29}},"6":{"start":{"line":21,"column":0},"end":{"line":21,"column":31}},"7":{"start":{"line":22,"column":0},"end":{"line":22,"column":48}},"8":{"start":{"line":23,"column":0},"end":{"line":23,"column":53}},"9":{"start":{"line":24,"column":0},"end":{"line":24,"column":33}},"10":{"start":{"line":25,"column":0},"end":{"line":25,"column":40}},"11":{"start":{"line":28,"column":0},"end":{"line":33,"column":3}},"12":{"start":{"line":29,"column":2},"end":{"line":32,"column":5}},"13":{"start":{"line":35,"column":0},"end":{"line":40,"column":3}},"14":{"start":{"line":36,"column":2},"end":{"line":39,"column":5}},"15":{"start":{"line":42,"column":0},"end":{"line":47,"column":3}},"16":{"start":{"line":43,"column":2},"end":{"line":46,"column":5}},"17":{"start":{"line":49,"column":0},"end":{"line":49,"column":24}}},"fnMap":{"0":{"name":"(anonymous_0)","decl":{"start":{"line":28,"column":26},"end":{"line":28,"column":27}},"loc":{"start":{"line":28,"column":40},"end":{"line":33,"column":1}},"line":28},"1":{"name":"(anonymous_1)","decl":{"start":{"line":35,"column":38},"end":{"line":35,"column":39}},"loc":{"start":{"line":35,"column":52},"end":{"line":40,"column":1}},"line":35},"2":{"name":"(anonymous_2)","decl":{"start":{"line":42,"column":36},"end":{"line":42,"column":37}},"loc":{"start":{"line":42,"column":50},"end":{"line":47,"column":1}},"line":42}},"branchMap":{},"s":{"0":1,"1":1,"2":1,"3":1,"4":1,"5":1,"6":1,"7":1,"8":1,"9":1,"10":1,"11":1,"12":0,"13":1,"14":0,"15":1,"16":0,"17":1},"f":{"0":0,"1":0,"2":0},"b":{},"_coverageSchema":"1a1c01bbd47fc00a2c39e90264f33305004495a9","hash":"daa3008bad4bdf1b45bafaf908698f9f63e21684"}
,"/Applications/XAMPP/xamppfiles/htdocs/ballot-app-backend/utils/addMemberToGroup.js": {"path":"/Applications/XAMPP/xamppfiles/htdocs/ballot-app-backend/utils/addMemberToGroup.js","statementMap":{"0":{"start":{"line":1,"column":15},"end":{"line":1,"column":42}},"1":{"start":{"line":9,"column":0},"end":{"line":42,"column":2}},"2":{"start":{"line":10,"column":2},"end":{"line":41,"column":3}},"3":{"start":{"line":11,"column":27},"end":{"line":11,"column":72}},"4":{"start":{"line":13,"column":4},"end":{"line":27,"column":5}},"5":{"start":{"line":14,"column":32},"end":{"line":14,"column":52}},"6":{"start":{"line":15,"column":6},"end":{"line":26,"column":7}},"7":{"start":{"line":16,"column":8},"end":{"line":16,"column":48}},"8":{"start":{"line":17,"column":8},"end":{"line":17,"column":36}},"9":{"start":{"line":18,"column":8},"end":{"line":20,"column":10}},"10":{"start":{"line":22,"column":8},"end":{"line":25,"column":10}},"11":{"start":{"line":29,"column":22},"end":{"line":32,"column":6}},"12":{"start":{"line":34,"column":4},"end":{"line":38,"column":6}},"13":{"start":{"line":40,"column":4},"end":{"line":40,"column":63}}},"fnMap":{"0":{"name":"(anonymous_0)","decl":{"start":{"line":9,"column":27},"end":{"line":9,"column":28}},"loc":{"start":{"line":9,"column":45},"end":{"line":42,"column":1}},"line":9}},"branchMap":{"0":{"loc":{"start":{"line":13,"column":4},"end":{"line":27,"column":5}},"type":"if","locations":[{"start":{"line":13,"column":4},"end":{"line":27,"column":5}},{"start":{},"end":{}}],"line":13},"1":{"loc":{"start":{"line":15,"column":6},"end":{"line":26,"column":7}},"type":"if","locations":[{"start":{"line":15,"column":6},"end":{"line":26,"column":7}},{"start":{"line":21,"column":13},"end":{"line":26,"column":7}}],"line":15}},"s":{"0":1,"1":1,"2":0,"3":0,"4":0,"5":0,"6":0,"7":0,"8":0,"9":0,"10":0,"11":0,"12":0,"13":0},"f":{"0":0},"b":{"0":[0,0],"1":[0,0]},"_coverageSchema":"1a1c01bbd47fc00a2c39e90264f33305004495a9","hash":"8bd747007d038926aecc4d9d7d6ba471ca0c9257"}
,"/Applications/XAMPP/xamppfiles/htdocs/ballot-app-backend/utils/mailSender.js": {"path":"/Applications/XAMPP/xamppfiles/htdocs/ballot-app-backend/utils/mailSender.js","statementMap":{"0":{"start":{"line":1,"column":19},"end":{"line":1,"column":40}},"1":{"start":{"line":2,"column":0},"end":{"line":2,"column":27}},"2":{"start":{"line":12,"column":19},"end":{"line":36,"column":1}},"3":{"start":{"line":13,"column":2},"end":{"line":35,"column":3}},"4":{"start":{"line":15,"column":22},"end":{"line":21,"column":6}},"5":{"start":{"line":24,"column":15},"end":{"line":29,"column":6}},"6":{"start":{"line":31,"column":4},"end":{"line":31,"column":40}},"7":{"start":{"line":32,"column":4},"end":{"line":32,"column":16}},"8":{"start":{"line":34,"column":4},"end":{"line":34,"column":31}},"9":{"start":{"line":38,"column":0},"end":{"line":38,"column":28}}},"fnMap":{"0":{"name":"(anonymous_0)","decl":{"start":{"line":12,"column":19},"end":{"line":12,"column":20}},"loc":{"start":{"line":12,"column":49},"end":{"line":36,"column":1}},"line":12}},"branchMap":{},"s":{"0":1,"1":1,"2":1,"3":0,"4":0,"5":0,"6":0,"7":0,"8":0,"9":1},"f":{"0":0},"b":{},"_coverageSchema":"1a1c01bbd47fc00a2c39e90264f33305004495a9","hash":"472a2ff2d88cc68463b7ac2e063a834f6c6857fd"}
,"/Applications/XAMPP/xamppfiles/htdocs/ballot-app-backend/utils/resetToken.js": {"path":"/Applications/XAMPP/xamppfiles/htdocs/ballot-app-backend/utils/resetToken.js","statementMap":{"0":{"start":{"line":1,"column":15},"end":{"line":1,"column":32}},"1":{"start":{"line":9,"column":0},"end":{"line":12,"column":2}},"2":{"start":{"line":10,"column":16},"end":{"line":10,"column":54}},"3":{"start":{"line":11,"column":2},"end":{"line":11,"column":15}}},"fnMap":{"0":{"name":"(anonymous_0)","decl":{"start":{"line":9,"column":29},"end":{"line":9,"column":30}},"loc":{"start":{"line":9,"column":35},"end":{"line":12,"column":1}},"line":9}},"branchMap":{},"s":{"0":1,"1":1,"2":0,"3":0},"f":{"0":0},"b":{},"_coverageSchema":"1a1c01bbd47fc00a2c39e90264f33305004495a9","hash":"bf3a294a9237c8ce5b62badf8c57f5f3edd6b672"}
,"/Applications/XAMPP/xamppfiles/htdocs/ballot-app-backend/utils/sendEmails.js": {"path":"/Applications/XAMPP/xamppfiles/htdocs/ballot-app-backend/utils/sendEmails.js","statementMap":{"0":{"start":{"line":1,"column":19},"end":{"line":1,"column":49}},"1":{"start":{"line":11,"column":0},"end":{"line":38,"column":2}},"2":{"start":{"line":12,"column":2},"end":{"line":37,"column":3}},"3":{"start":{"line":14,"column":6},"end":{"line":14,"column":5166}},"4":{"start":{"line":16,"column":4},"end":{"line":33,"column":6}},"5":{"start":{"line":18,"column":8},"end":{"line":31,"column":10}},"6":{"start":{"line":34,"column":4},"end":{"line":34,"column":48}},"7":{"start":{"line":36,"column":4},"end":{"line":36,"column":50}}},"fnMap":{"0":{"name":"(anonymous_0)","decl":{"start":{"line":11,"column":21},"end":{"line":11,"column":22}},"loc":{"start":{"line":11,"column":49},"end":{"line":38,"column":1}},"line":11},"1":{"name":"(anonymous_1)","decl":{"start":{"line":17,"column":17},"end":{"line":17,"column":18}},"loc":{"start":{"line":17,"column":34},"end":{"line":32,"column":7}},"line":17}},"branchMap":{},"s":{"0":1,"1":1,"2":0,"3":0,"4":0,"5":0,"6":0,"7":0},"f":{"0":0,"1":0},"b":{},"_coverageSchema":"1a1c01bbd47fc00a2c39e90264f33305004495a9","hash":"3010755905d0eca99563d35f97ca22c455570d77"}
}
